<?xml version="1.0" encoding="UTF-8"?>
<!-- Generated by org.testng.reporters.JUnitReportReporter -->
<testsuite hostname="Manishs-MacBook-Pro.local" failures="0" tests="1" name="com.selenium.E2EProjrct.Demo" time="14.600" errors="1" timestamp="2021-12-19T00:32:11 IST" skipped="0">
  <testcase classname="com.selenium.E2EProjrct.Demo" name="setup" time="14.600">
    <error message="session not created: This version of ChromeDriver only supports Chrome version 97
Current browser version is 96.0.4664.110 with binary path /Applications/Google Chrome.app/Contents/MacOS/Google Chrome
Build info: version: &#039;3.141.59&#039;, revision: &#039;e82be7d358&#039;, time: &#039;2018-11-14T08:17:03&#039;
System info: host: &#039;Manishs-MacBook-Pro.local&#039;, ip: &#039;2401:4900:1f25:3225:e1f6:e05a:6332:123b%en0&#039;, os.name: &#039;Mac OS X&#039;, os.arch: &#039;x86_64&#039;, os.version: &#039;11.2&#039;, java.version: &#039;16.0.2&#039;
Driver info: driver.version: ChromeDriver
remote stacktrace: 0   chromedriver                        0x000000010506a139 chromedriver + 5157177
1   chromedriver                        0x0000000104ff4dc3 chromedriver + 4677059
2   chromedriver                        0x0000000104ba9298 chromedriver + 172696
3   chromedriver                        0x0000000104bcfa63 chromedriver + 330339
4   chromedriver                        0x0000000104bcb606 chromedriver + 312838
5   chromedriver                        0x0000000104bc7cc6 chromedriver + 298182
6   chromedriver                        0x0000000104c023b3 chromedriver + 537523
7   chromedriver                        0x0000000104bfc0b3 chromedriver + 512179
8   chromedriver                        0x0000000104bd1d9e chromedriver + 339358
9   chromedriver                        0x0000000104bd30d5 chromedriver + 344277
10  chromedriver                        0x000000010502561e chromedriver + 4875806
11  chromedriver                        0x000000010503d0a7 chromedriver + 4972711
12  chromedriver                        0x0000000105042d5f chromedriver + 4996447
13  chromedriver                        0x000000010503d9aa chromedriver + 4975018
14  chromedriver                        0x0000000105019fb1 chromedriver + 4829105
15  chromedriver                        0x000000010505a2c8 chromedriver + 5092040
16  chromedriver                        0x000000010505a451 chromedriver + 5092433
17  chromedriver                        0x0000000105071588 chromedriver + 5186952
18  libsystem_pthread.dylib             0x00007fff20352950 _pthread_start + 224
19  libsystem_pthread.dylib             0x00007fff2034e47b thread_start + 15
" type="org.openqa.selenium.SessionNotCreatedException">
      <![CDATA[org.openqa.selenium.SessionNotCreatedException: session not created: This version of ChromeDriver only supports Chrome version 97
Current browser version is 96.0.4664.110 with binary path /Applications/Google Chrome.app/Contents/MacOS/Google Chrome
Build info: version: '3.141.59', revision: 'e82be7d358', time: '2018-11-14T08:17:03'
System info: host: 'Manishs-MacBook-Pro.local', ip: '2401:4900:1f25:3225:e1f6:e05a:6332:123b%en0', os.name: 'Mac OS X', os.arch: 'x86_64', os.version: '11.2', java.version: '16.0.2'
Driver info: driver.version: ChromeDriver
remote stacktrace: 0   chromedriver                        0x000000010506a139 chromedriver + 5157177
1   chromedriver                        0x0000000104ff4dc3 chromedriver + 4677059
2   chromedriver                        0x0000000104ba9298 chromedriver + 172696
3   chromedriver                        0x0000000104bcfa63 chromedriver + 330339
4   chromedriver                        0x0000000104bcb606 chromedriver + 312838
5   chromedriver                        0x0000000104bc7cc6 chromedriver + 298182
6   chromedriver                        0x0000000104c023b3 chromedriver + 537523
7   chromedriver                        0x0000000104bfc0b3 chromedriver + 512179
8   chromedriver                        0x0000000104bd1d9e chromedriver + 339358
9   chromedriver                        0x0000000104bd30d5 chromedriver + 344277
10  chromedriver                        0x000000010502561e chromedriver + 4875806
11  chromedriver                        0x000000010503d0a7 chromedriver + 4972711
12  chromedriver                        0x0000000105042d5f chromedriver + 4996447
13  chromedriver                        0x000000010503d9aa chromedriver + 4975018
14  chromedriver                        0x0000000105019fb1 chromedriver + 4829105
15  chromedriver                        0x000000010505a2c8 chromedriver + 5092040
16  chromedriver                        0x000000010505a451 chromedriver + 5092433
17  chromedriver                        0x0000000105071588 chromedriver + 5186952
18  libsystem_pthread.dylib             0x00007fff20352950 _pthread_start + 224
19  libsystem_pthread.dylib             0x00007fff2034e47b thread_start + 15

at java.base/jdk.internal.reflect.NativeConstructorAccessorImpl.newInstance0(Native Method)
at java.base/jdk.internal.reflect.NativeConstructorAccessorImpl.newInstance(NativeConstructorAccessorImpl.java:78)
at java.base/jdk.internal.reflect.DelegatingConstructorAccessorImpl.newInstance(DelegatingConstructorAccessorImpl.java:45)
at java.base/java.lang.reflect.Constructor.newInstanceWithCaller(Constructor.java:499)
at java.base/java.lang.reflect.Constructor.newInstance(Constructor.java:480)
at org.openqa.selenium.remote.W3CHandshakeResponse.lambda$errorHandler$0(W3CHandshakeResponse.java:62)
at org.openqa.selenium.remote.HandshakeResponse.lambda$getResponseFunction$0(HandshakeResponse.java:30)
at org.openqa.selenium.remote.ProtocolHandshake.lambda$createSession$0(ProtocolHandshake.java:126)
at java.base/java.util.stream.ReferencePipeline$3$1.accept(ReferencePipeline.java:197)
at java.base/java.util.Spliterators$ArraySpliterator.tryAdvance(Spliterators.java:958)
at java.base/java.util.stream.ReferencePipeline.forEachWithCancel(ReferencePipeline.java:129)
at java.base/java.util.stream.AbstractPipeline.copyIntoWithCancel(AbstractPipeline.java:502)
at java.base/java.util.stream.AbstractPipeline.copyInto(AbstractPipeline.java:488)
at java.base/java.util.stream.AbstractPipeline.wrapAndCopyInto(AbstractPipeline.java:474)
at java.base/java.util.stream.FindOps$FindOp.evaluateSequential(FindOps.java:150)
at java.base/java.util.stream.AbstractPipeline.evaluate(AbstractPipeline.java:234)
at java.base/java.util.stream.ReferencePipeline.findFirst(ReferencePipeline.java:647)
at org.openqa.selenium.remote.ProtocolHandshake.createSession(ProtocolHandshake.java:128)
at org.openqa.selenium.remote.ProtocolHandshake.createSession(ProtocolHandshake.java:74)
at org.openqa.selenium.remote.HttpCommandExecutor.execute(HttpCommandExecutor.java:136)
at org.openqa.selenium.remote.service.DriverCommandExecutor.execute(DriverCommandExecutor.java:83)
at org.openqa.selenium.remote.RemoteWebDriver.execute(RemoteWebDriver.java:552)
at org.openqa.selenium.remote.RemoteWebDriver.startSession(RemoteWebDriver.java:213)
at org.openqa.selenium.remote.RemoteWebDriver.<init>(RemoteWebDriver.java:131)
at org.openqa.selenium.chrome.ChromeDriver.<init>(ChromeDriver.java:181)
at org.openqa.selenium.chrome.ChromeDriver.<init>(ChromeDriver.java:168)
at org.openqa.selenium.chrome.ChromeDriver.<init>(ChromeDriver.java:123)
at com.selenium.E2EProjrct.Demo.setup(Demo.java:18)
at java.base/jdk.internal.reflect.NativeMethodAccessorImpl.invoke0(Native Method)
at java.base/jdk.internal.reflect.NativeMethodAccessorImpl.invoke(NativeMethodAccessorImpl.java:78)
at java.base/jdk.internal.reflect.DelegatingMethodAccessorImpl.invoke(DelegatingMethodAccessorImpl.java:43)
at java.base/java.lang.reflect.Method.invoke(Method.java:567)
at org.testng.internal.MethodInvocationHelper.invokeMethod(MethodInvocationHelper.java:133)
at org.testng.internal.TestInvoker.invokeMethod(TestInvoker.java:598)
at org.testng.internal.TestInvoker.invokeTestMethod(TestInvoker.java:173)
at org.testng.internal.MethodRunner.runInSequence(MethodRunner.java:46)
at org.testng.internal.TestInvoker$MethodInvocationAgent.invoke(TestInvoker.java:824)
at org.testng.internal.TestInvoker.invokeTestMethods(TestInvoker.java:146)
at org.testng.internal.TestMethodWorker.invokeTestMethods(TestMethodWorker.java:146)
at org.testng.internal.TestMethodWorker.run(TestMethodWorker.java:128)
at java.base/java.util.ArrayList.forEach(ArrayList.java:1511)
at org.testng.TestRunner.privateRun(TestRunner.java:794)
at org.testng.TestRunner.run(TestRunner.java:596)
at org.testng.SuiteRunner.runTest(SuiteRunner.java:377)
at org.testng.SuiteRunner.runSequentially(SuiteRunner.java:371)
at org.testng.SuiteRunner.privateRun(SuiteRunner.java:332)
at org.testng.SuiteRunner.run(SuiteRunner.java:276)
at org.testng.SuiteRunnerWorker.runSuite(SuiteRunnerWorker.java:53)
at org.testng.SuiteRunnerWorker.run(SuiteRunnerWorker.java:96)
at org.testng.TestNG.runSuitesSequentially(TestNG.java:1212)
at org.testng.TestNG.runSuitesLocally(TestNG.java:1134)
at org.testng.TestNG.runSuites(TestNG.java:1063)
at org.testng.TestNG.run(TestNG.java:1031)
at org.testng.remote.AbstractRemoteTestNG.run(AbstractRemoteTestNG.java:115)
at org.testng.remote.RemoteTestNG.initAndRun(RemoteTestNG.java:251)
at org.testng.remote.RemoteTestNG.main(RemoteTestNG.java:77)
]]>
    </error>
  </testcase> <!-- setup -->
  <system-out/>
</testsuite> <!-- com.selenium.E2EProjrct.Demo -->
